# JRE version: Java(TM) SE Runtime Environment (8.0_161-b12) (build 1.8.0_161-b12)
# Java VM: Java HotSpot(TM) 64-Bit Server VM (25.161-b12 mixed mode windows-amd64 compressed oops)
Heap:
 PSYoungGen      total 18432K, used 18416K [0x00000000eb580000, 0x00000000eca00000, 0x0000000100000000)
  eden space 15872K, 100% used [0x00000000eb580000,0x00000000ec500000,0x00000000ec500000)
  from space 2560K, 99% used [0x00000000ec780000,0x00000000ec9fc3d0,0x00000000eca00000)
  to   space 2560K, 99% used [0x00000000ec500000,0x00000000ec77d208,0x00000000ec780000)
 ParOldGen       total 17408K, used 3819K [0x00000000c2000000, 0x00000000c3100000, 0x00000000eb580000)
  object space 17408K, 21% used [0x00000000c2000000,0x00000000c23bade8,0x00000000c3100000)
 Metaspace       used 6027K, capacity 6840K, committed 7040K, reserved 1058816K
  class space    used 595K, capacity 624K, committed 640K, reserved 1048576K
GC Heap History (6 events):
Event: 1.965 GC heap before
{Heap before GC invocations=1 (full 0):
 PSYoungGen      total 18432K, used 6034K [0x00000000eb580000, 0x00000000eca00000, 0x0000000100000000)
  eden space 15872K, 38% used [0x00000000eb580000,0x00000000ebb64b10,0x00000000ec500000)
  from space 2560K, 0% used [0x00000000ec780000,0x00000000ec780000,0x00000000eca00000)
  to   space 2560K, 0% used [0x00000000ec500000,0x00000000ec500000,0x00000000ec780000)
 ParOldGen       total 42496K, used 0K [0x00000000c2000000, 0x00000000c4980000, 0x00000000eb580000)
  object space 42496K, 0% used [0x00000000c2000000,0x00000000c2000000,0x00000000c4980000)
 Metaspace       used 4055K, capacity 5040K, committed 5120K, reserved 1060864K
  class space    used 455K, capacity 488K, committed 512K, reserved 1048576K
Event: 1.967 GC heap after
Heap after GC invocations=1 (full 0):
 PSYoungGen      total 18432K, used 1433K [0x00000000eb580000, 0x00000000eca00000, 0x0000000100000000)
  eden space 15872K, 0% used [0x00000000eb580000,0x00000000eb580000,0x00000000ec500000)
  from space 2560K, 55% used [0x00000000ec500000,0x00000000ec666468,0x00000000ec780000)
  to   space 2560K, 0% used [0x00000000ec780000,0x00000000ec780000,0x00000000eca00000)
 ParOldGen       total 42496K, used 8K [0x00000000c2000000, 0x00000000c4980000, 0x00000000eb580000)
  object space 42496K, 0% used [0x00000000c2000000,0x00000000c2002000,0x00000000c4980000)
 Metaspace       used 4055K, capacity 5040K, committed 5120K, reserved 1060864K
  class space    used 455K, capacity 488K, committed 512K, reserved 1048576K
}
Event: 1.967 GC heap before
{Heap before GC invocations=2 (full 1):
 PSYoungGen      total 18432K, used 1433K [0x00000000eb580000, 0x00000000eca00000, 0x0000000100000000)
  eden space 15872K, 0% used [0x00000000eb580000,0x00000000eb580000,0x00000000ec500000)
  from space 2560K, 55% used [0x00000000ec500000,0x00000000ec666468,0x00000000ec780000)
  to   space 2560K, 0% used [0x00000000ec780000,0x00000000ec780000,0x00000000eca00000)
 ParOldGen       total 42496K, used 8K [0x00000000c2000000, 0x00000000c4980000, 0x00000000eb580000)
  object space 42496K, 0% used [0x00000000c2000000,0x00000000c2002000,0x00000000c4980000)
 Metaspace       used 4055K, capacity 5040K, committed 5120K, reserved 1060864K
  class space    used 455K, capacity 488K, committed 512K, reserved 1048576K
Event: 1.975 GC heap after
Heap after GC invocations=2 (full 1):
 PSYoungGen      total 18432K, used 0K [0x00000000eb580000, 0x00000000eca00000, 0x0000000100000000)
  eden space 15872K, 0% used [0x00000000eb580000,0x00000000eb580000,0x00000000ec500000)
  from space 2560K, 0% used [0x00000000ec500000,0x00000000ec500000,0x00000000ec780000)
  to   space 2560K, 0% used [0x00000000ec780000,0x00000000ec780000,0x00000000eca00000)
 ParOldGen       total 17408K, used 1307K [0x00000000c2000000, 0x00000000c3100000, 0x00000000eb580000)
  object space 17408K, 7% used [0x00000000c2000000,0x00000000c2146ed0,0x00000000c3100000)
 Metaspace       used 4055K, capacity 5040K, committed 5120K, reserved 1058816K
  class space    used 455K, capacity 488K, committed 512K, reserved 1048576K
}
Event: 2.557 GC heap before
{Heap before GC invocations=3 (full 1):
 PSYoungGen      total 18432K, used 15872K [0x00000000eb580000, 0x00000000eca00000, 0x0000000100000000)
  eden space 15872K, 100% used [0x00000000eb580000,0x00000000ec500000,0x00000000ec500000)
  from space 2560K, 0% used [0x00000000ec500000,0x00000000ec500000,0x00000000ec780000)
  to   space 2560K, 0% used [0x00000000ec780000,0x00000000ec780000,0x00000000eca00000)
 ParOldGen       total 17408K, used 1307K [0x00000000c2000000, 0x00000000c3100000, 0x00000000eb580000)
  object space 17408K, 7% used [0x00000000c2000000,0x00000000c2146ed0,0x00000000c3100000)
 Metaspace       used 5818K, capacity 6648K, committed 6784K, reserved 1058816K
  class space    used 595K, capacity 624K, committed 640K, reserved 1048576K
Event: 2.563 GC heap after
Heap after GC invocations=3 (full 1):
 PSYoungGen      total 18432K, used 2544K [0x00000000eb580000, 0x00000000eca00000, 0x0000000100000000)
  eden space 15872K, 0% used [0x00000000eb580000,0x00000000eb580000,0x00000000ec500000)
  from space 2560K, 99% used [0x00000000ec780000,0x00000000ec9fc3d0,0x00000000eca00000)
  to   space 2560K, 0% used [0x00000000ec500000,0x00000000ec500000,0x00000000ec780000)
 ParOldGen       total 17408K, used 1947K [0x00000000c2000000, 0x00000000c3100000, 0x00000000eb580000)
  object space 17408K, 11% used [0x00000000c2000000,0x00000000c21e6de8,0x00000000c3100000)
 Metaspace       used 5818K, capacity 6648K, committed 6784K, reserved 1058816K
  class space    used 595K, capacity 624K, committed 640K, reserved 1048576K
}

