# JRE version: Java(TM) SE Runtime Environment (8.0_161-b12) (build 1.8.0_161-b12)
# Java VM: Java HotSpot(TM) 64-Bit Server VM (25.161-b12 mixed mode windows-amd64 compressed oops)
Heap:
 PSYoungGen      total 13824K, used 11804K [0x00000000eb580000, 0x00000000ec780000, 0x0000000100000000)
  eden space 10752K, 98% used [0x00000000eb580000,0x00000000ebfe0b90,0x00000000ec000000)
  from space 3072K, 38% used [0x00000000ec380000,0x00000000ec4a6618,0x00000000ec680000)
  to   space 3584K, 0% used [0x00000000ec000000,0x00000000ec000000,0x00000000ec380000)
 ParOldGen       total 9728K, used 5196K [0x00000000c2000000, 0x00000000c2980000, 0x00000000eb580000)
  object space 9728K, 53% used [0x00000000c2000000,0x00000000c2513340,0x00000000c2980000)
 Metaspace       used 9092K, capacity 9598K, committed 9856K, reserved 1058816K
  class space    used 1039K, capacity 1074K, committed 1152K, reserved 1048576K
GC Heap History (10 events):
Event: 0.546 GC heap before
{Heap before GC invocations=5 (full 0):
 PSYoungGen      total 3584K, used 3555K [0x00000000eb580000, 0x00000000eb980000, 0x0000000100000000)
  eden space 3072K, 99% used [0x00000000eb580000,0x00000000eb878f98,0x00000000eb880000)
  from space 512K, 100% used [0x00000000eb900000,0x00000000eb980000,0x00000000eb980000)
  to   space 512K, 0% used [0x00000000eb880000,0x00000000eb880000,0x00000000eb900000)
 ParOldGen       total 5632K, used 600K [0x00000000c2000000, 0x00000000c2580000, 0x00000000eb580000)
  object space 5632K, 10% used [0x00000000c2000000,0x00000000c2096050,0x00000000c2580000)
 Metaspace       used 6096K, capacity 7182K, committed 7552K, reserved 1056768K
  class space    used 767K, capacity 778K, committed 896K, reserved 1048576K
Event: 0.547 GC heap after
Heap after GC invocations=5 (full 0):
 PSYoungGen      total 3584K, used 496K [0x00000000eb580000, 0x00000000ebd80000, 0x0000000100000000)
  eden space 3072K, 0% used [0x00000000eb580000,0x00000000eb580000,0x00000000eb880000)
  from space 512K, 96% used [0x00000000eb880000,0x00000000eb8fc010,0x00000000eb900000)
  to   space 1024K, 0% used [0x00000000ebc80000,0x00000000ebc80000,0x00000000ebd80000)
 ParOldGen       total 5632K, used 804K [0x00000000c2000000, 0x00000000c2580000, 0x00000000eb580000)
  object space 5632K, 14% used [0x00000000c2000000,0x00000000c20c9330,0x00000000c2580000)
 Metaspace       used 6096K, capacity 7182K, committed 7552K, reserved 1056768K
  class space    used 767K, capacity 778K, committed 896K, reserved 1048576K
}
Event: 0.762 GC heap before
{Heap before GC invocations=6 (full 0):
 PSYoungGen      total 3584K, used 3568K [0x00000000eb580000, 0x00000000ebd80000, 0x0000000100000000)
  eden space 3072K, 100% used [0x00000000eb580000,0x00000000eb880000,0x00000000eb880000)
  from space 512K, 96% used [0x00000000eb880000,0x00000000eb8fc010,0x00000000eb900000)
  to   space 1024K, 0% used [0x00000000ebc80000,0x00000000ebc80000,0x00000000ebd80000)
 ParOldGen       total 5632K, used 804K [0x00000000c2000000, 0x00000000c2580000, 0x00000000eb580000)
  object space 5632K, 14% used [0x00000000c2000000,0x00000000c20c9330,0x00000000c2580000)
 Metaspace       used 7296K, capacity 8180K, committed 8448K, reserved 1056768K
  class space    used 890K, capacity 944K, committed 1024K, reserved 1048576K
Event: 0.764 GC heap after
Heap after GC invocations=6 (full 0):
 PSYoungGen      total 6656K, used 1008K [0x00000000eb580000, 0x00000000ebe80000, 0x0000000100000000)
  eden space 5632K, 0% used [0x00000000eb580000,0x00000000eb580000,0x00000000ebb00000)
  from space 1024K, 98% used [0x00000000ebc80000,0x00000000ebd7c010,0x00000000ebd80000)
  to   space 1536K, 0% used [0x00000000ebb00000,0x00000000ebb00000,0x00000000ebc80000)
 ParOldGen       total 5632K, used 876K [0x00000000c2000000, 0x00000000c2580000, 0x00000000eb580000)
  object space 5632K, 15% used [0x00000000c2000000,0x00000000c20db330,0x00000000c2580000)
 Metaspace       used 7296K, capacity 8180K, committed 8448K, reserved 1056768K
  class space    used 890K, capacity 944K, committed 1024K, reserved 1048576K
}
Event: 4.035 GC heap before
{Heap before GC invocations=7 (full 0):
 PSYoungGen      total 6656K, used 6640K [0x00000000eb580000, 0x00000000ebe80000, 0x0000000100000000)
  eden space 5632K, 100% used [0x00000000eb580000,0x00000000ebb00000,0x00000000ebb00000)
  from space 1024K, 98% used [0x00000000ebc80000,0x00000000ebd7c010,0x00000000ebd80000)
  to   space 1536K, 0% used [0x00000000ebb00000,0x00000000ebb00000,0x00000000ebc80000)
 ParOldGen       total 5632K, used 876K [0x00000000c2000000, 0x00000000c2580000, 0x00000000eb580000)
  object space 5632K, 15% used [0x00000000c2000000,0x00000000c20db330,0x00000000c2580000)
 Metaspace       used 7441K, capacity 8244K, committed 8448K, reserved 1056768K
  class space    used 899K, capacity 944K, committed 1024K, reserved 1048576K
Event: 4.043 GC heap after
Heap after GC invocations=7 (full 0):
 PSYoungGen      total 7168K, used 1531K [0x00000000eb580000, 0x00000000ec680000, 0x0000000100000000)
  eden space 5632K, 0% used [0x00000000eb580000,0x00000000eb580000,0x00000000ebb00000)
  from space 1536K, 99% used [0x00000000ebb00000,0x00000000ebc7ec80,0x00000000ebc80000)
  to   space 3072K, 0% used [0x00000000ec380000,0x00000000ec380000,0x00000000ec680000)
 ParOldGen       total 5632K, used 3834K [0x00000000c2000000, 0x00000000c2580000, 0x00000000eb580000)
  object space 5632K, 68% used [0x00000000c2000000,0x00000000c23be8c8,0x00000000c2580000)
 Metaspace       used 7441K, capacity 8244K, committed 8448K, reserved 1056768K
  class space    used 899K, capacity 944K, committed 1024K, reserved 1048576K
}
Event: 4.287 GC heap before
{Heap before GC invocations=8 (full 0):
 PSYoungGen      total 7168K, used 7163K [0x00000000eb580000, 0x00000000ec680000, 0x0000000100000000)
  eden space 5632K, 100% used [0x00000000eb580000,0x00000000ebb00000,0x00000000ebb00000)
  from space 1536K, 99% used [0x00000000ebb00000,0x00000000ebc7ec80,0x00000000ebc80000)
  to   space 3072K, 0% used [0x00000000ec380000,0x00000000ec380000,0x00000000ec680000)
 ParOldGen       total 5632K, used 3834K [0x00000000c2000000, 0x00000000c2580000, 0x00000000eb580000)
  object space 5632K, 68% used [0x00000000c2000000,0x00000000c23be8c8,0x00000000c2580000)
 Metaspace       used 7656K, capacity 8436K, committed 8704K, reserved 1056768K
  class space    used 914K, capacity 944K, committed 1024K, reserved 1048576K
Event: 4.291 GC heap after
Heap after GC invocations=8 (full 0):
 PSYoungGen      total 13824K, used 2857K [0x00000000eb580000, 0x00000000ec780000, 0x0000000100000000)
  eden space 10752K, 0% used [0x00000000eb580000,0x00000000eb580000,0x00000000ec000000)
  from space 3072K, 93% used [0x00000000ec380000,0x00000000ec64a5c8,0x00000000ec680000)
  to   space 3584K, 0% used [0x00000000ec000000,0x00000000ec000000,0x00000000ec380000)
 ParOldGen       total 5632K, used 3938K [0x00000000c2000000, 0x00000000c2580000, 0x00000000eb580000)
  object space 5632K, 69% used [0x00000000c2000000,0x00000000c23d88c8,0x00000000c2580000)
 Metaspace       used 7656K, capacity 8436K, committed 8704K, reserved 1056768K
  class space    used 914K, capacity 944K, committed 1024K, reserved 1048576K
}
Event: 4.291 GC heap before
{Heap before GC invocations=9 (full 1):
 PSYoungGen      total 13824K, used 2857K [0x00000000eb580000, 0x00000000ec780000, 0x0000000100000000)
  eden space 10752K, 0% used [0x00000000eb580000,0x00000000eb580000,0x00000000ec000000)
  from space 3072K, 93% used [0x00000000ec380000,0x00000000ec64a5c8,0x00000000ec680000)
  to   space 3584K, 0% used [0x00000000ec000000,0x00000000ec000000,0x00000000ec380000)
 ParOldGen       total 5632K, used 3938K [0x00000000c2000000, 0x00000000c2580000, 0x00000000eb580000)
  object space 5632K, 69% used [0x00000000c2000000,0x00000000c23d88c8,0x00000000c2580000)
 Metaspace       used 7656K, capacity 8436K, committed 8704K, reserved 1056768K
  class space    used 914K, capacity 944K, committed 1024K, reserved 1048576K
Event: 4.371 GC heap after
Heap after GC invocations=9 (full 1):
 PSYoungGen      total 13824K, used 1177K [0x00000000eb580000, 0x00000000ec780000, 0x0000000100000000)
  eden space 10752K, 0% used [0x00000000eb580000,0x00000000eb580000,0x00000000ec000000)
  from space 3072K, 38% used [0x00000000ec380000,0x00000000ec4a6618,0x00000000ec680000)
  to   space 3584K, 0% used [0x00000000ec000000,0x00000000ec000000,0x00000000ec380000)
 ParOldGen       total 9728K, used 5196K [0x00000000c2000000, 0x00000000c2980000, 0x00000000eb580000)
  object space 9728K, 53% used [0x00000000c2000000,0x00000000c2513340,0x00000000c2980000)
 Metaspace       used 7656K, capacity 8436K, committed 8704K, reserved 1056768K
  class space    used 914K, capacity 944K, committed 1024K, reserved 1048576K
}

