# JRE version: Java(TM) SE Runtime Environment (8.0_161-b12) (build 1.8.0_161-b12)
# Java VM: Java HotSpot(TM) 64-Bit Server VM (25.161-b12 mixed mode windows-amd64 compressed oops)
Heap:
 PSYoungGen      total 3584K, used 1861K [0x00000000eb580000, 0x00000000eb980000, 0x0000000100000000)
  eden space 3072K, 44% used [0x00000000eb580000,0x00000000eb6d53f8,0x00000000eb880000)
  from space 512K, 96% used [0x00000000eb880000,0x00000000eb8fc020,0x00000000eb900000)
  to   space 512K, 0% used [0x00000000eb900000,0x00000000eb900000,0x00000000eb980000)
 ParOldGen       total 5632K, used 600K [0x00000000c2000000, 0x00000000c2580000, 0x00000000eb580000)
  object space 5632K, 10% used [0x00000000c2000000,0x00000000c2096030,0x00000000c2580000)
 Metaspace       used 5458K, capacity 6604K, committed 6912K, reserved 1056768K
  class space    used 696K, capacity 712K, committed 768K, reserved 1048576K
GC Heap History (6 events):
Event: 0.144 GC heap before
{Heap before GC invocations=1 (full 0):
 PSYoungGen      total 2048K, used 1536K [0x00000000eb580000, 0x00000000eb800000, 0x0000000100000000)
  eden space 1536K, 100% used [0x00000000eb580000,0x00000000eb700000,0x00000000eb700000)
  from space 512K, 0% used [0x00000000eb780000,0x00000000eb780000,0x00000000eb800000)
  to   space 512K, 0% used [0x00000000eb700000,0x00000000eb700000,0x00000000eb780000)
 ParOldGen       total 5632K, used 0K [0x00000000c2000000, 0x00000000c2580000, 0x00000000eb580000)
  object space 5632K, 0% used [0x00000000c2000000,0x00000000c2000000,0x00000000c2580000)
 Metaspace       used 3408K, capacity 4812K, committed 5120K, reserved 1056768K
  class space    used 393K, capacity 456K, committed 512K, reserved 1048576K
Event: 0.146 GC heap after
Heap after GC invocations=1 (full 0):
 PSYoungGen      total 2048K, used 480K [0x00000000eb580000, 0x00000000eb980000, 0x0000000100000000)
  eden space 1536K, 0% used [0x00000000eb580000,0x00000000eb580000,0x00000000eb700000)
  from space 512K, 93% used [0x00000000eb700000,0x00000000eb778020,0x00000000eb780000)
  to   space 512K, 0% used [0x00000000eb900000,0x00000000eb900000,0x00000000eb980000)
 ParOldGen       total 5632K, used 56K [0x00000000c2000000, 0x00000000c2580000, 0x00000000eb580000)
  object space 5632K, 0% used [0x00000000c2000000,0x00000000c200e000,0x00000000c2580000)
 Metaspace       used 3408K, capacity 4812K, committed 5120K, reserved 1056768K
  class space    used 393K, capacity 456K, committed 512K, reserved 1048576K
}
Event: 0.208 GC heap before
{Heap before GC invocations=2 (full 0):
 PSYoungGen      total 2048K, used 2016K [0x00000000eb580000, 0x00000000eb980000, 0x0000000100000000)
  eden space 1536K, 100% used [0x00000000eb580000,0x00000000eb700000,0x00000000eb700000)
  from space 512K, 93% used [0x00000000eb700000,0x00000000eb778020,0x00000000eb780000)
  to   space 512K, 0% used [0x00000000eb900000,0x00000000eb900000,0x00000000eb980000)
 ParOldGen       total 5632K, used 56K [0x00000000c2000000, 0x00000000c2580000, 0x00000000eb580000)
  object space 5632K, 0% used [0x00000000c2000000,0x00000000c200e000,0x00000000c2580000)
 Metaspace       used 4051K, capacity 5324K, committed 5504K, reserved 1056768K
  class space    used 479K, capacity 520K, committed 640K, reserved 1048576K
Event: 0.210 GC heap after
Heap after GC invocations=2 (full 0):
 PSYoungGen      total 3584K, used 512K [0x00000000eb580000, 0x00000000eb980000, 0x0000000100000000)
  eden space 3072K, 0% used [0x00000000eb580000,0x00000000eb580000,0x00000000eb880000)
  from space 512K, 100% used [0x00000000eb900000,0x00000000eb980000,0x00000000eb980000)
  to   space 512K, 0% used [0x00000000eb880000,0x00000000eb880000,0x00000000eb900000)
 ParOldGen       total 5632K, used 128K [0x00000000c2000000, 0x00000000c2580000, 0x00000000eb580000)
  object space 5632K, 2% used [0x00000000c2000000,0x00000000c2020000,0x00000000c2580000)
 Metaspace       used 4051K, capacity 5324K, committed 5504K, reserved 1056768K
  class space    used 479K, capacity 520K, committed 640K, reserved 1048576K
}
Event: 0.295 GC heap before
{Heap before GC invocations=3 (full 0):
 PSYoungGen      total 3584K, used 3584K [0x00000000eb580000, 0x00000000eb980000, 0x0000000100000000)
  eden space 3072K, 100% used [0x00000000eb580000,0x00000000eb880000,0x00000000eb880000)
  from space 512K, 100% used [0x00000000eb900000,0x00000000eb980000,0x00000000eb980000)
  to   space 512K, 0% used [0x00000000eb880000,0x00000000eb880000,0x00000000eb900000)
 ParOldGen       total 5632K, used 128K [0x00000000c2000000, 0x00000000c2580000, 0x00000000eb580000)
  object space 5632K, 2% used [0x00000000c2000000,0x00000000c2020000,0x00000000c2580000)
 Metaspace       used 5045K, capacity 6220K, committed 6400K, reserved 1056768K
  class space    used 620K, capacity 648K, committed 768K, reserved 1048576K
Event: 0.297 GC heap after
Heap after GC invocations=3 (full 0):
 PSYoungGen      total 3584K, used 496K [0x00000000eb580000, 0x00000000eb980000, 0x0000000100000000)
  eden space 3072K, 0% used [0x00000000eb580000,0x00000000eb580000,0x00000000eb880000)
  from space 512K, 96% used [0x00000000eb880000,0x00000000eb8fc020,0x00000000eb900000)
  to   space 512K, 0% used [0x00000000eb900000,0x00000000eb900000,0x00000000eb980000)
 ParOldGen       total 5632K, used 600K [0x00000000c2000000, 0x00000000c2580000, 0x00000000eb580000)
  object space 5632K, 10% used [0x00000000c2000000,0x00000000c2096030,0x00000000c2580000)
 Metaspace       used 5045K, capacity 6220K, committed 6400K, reserved 1056768K
  class space    used 620K, capacity 648K, committed 768K, reserved 1048576K
}

