# JRE version: Java(TM) SE Runtime Environment (8.0_161-b12) (build 1.8.0_161-b12)
# Java VM: Java HotSpot(TM) 64-Bit Server VM (25.161-b12 mixed mode windows-amd64 compressed oops)
Heap:
 PSYoungGen      total 13312K, used 6691K [0x00000000eb580000, 0x00000000eca00000, 0x0000000100000000)
  eden space 9728K, 31% used [0x00000000eb580000,0x00000000eb889758,0x00000000ebf00000)
  from space 3584K, 99% used [0x00000000ebf00000,0x00000000ec27f838,0x00000000ec280000)
  to   space 4096K, 0% used [0x00000000ec600000,0x00000000ec600000,0x00000000eca00000)
 ParOldGen       total 9728K, used 5771K [0x00000000c2000000, 0x00000000c2980000, 0x00000000eb580000)
  object space 9728K, 59% used [0x00000000c2000000,0x00000000c25a2f50,0x00000000c2980000)
 Metaspace       used 9355K, capacity 9726K, committed 9856K, reserved 1058816K
  class space    used 1067K, capacity 1074K, committed 1152K, reserved 1048576K
GC Heap History (10 events):
Event: 1.149 GC heap before
{Heap before GC invocations=6 (full 0):
 PSYoungGen      total 3584K, used 3568K [0x00000000eb580000, 0x00000000ebd80000, 0x0000000100000000)
  eden space 3072K, 100% used [0x00000000eb580000,0x00000000eb880000,0x00000000eb880000)
  from space 512K, 96% used [0x00000000eb880000,0x00000000eb8fc020,0x00000000eb900000)
  to   space 1024K, 0% used [0x00000000ebc80000,0x00000000ebc80000,0x00000000ebd80000)
 ParOldGen       total 5632K, used 824K [0x00000000c2000000, 0x00000000c2580000, 0x00000000eb580000)
  object space 5632K, 14% used [0x00000000c2000000,0x00000000c20ce348,0x00000000c2580000)
 Metaspace       used 7296K, capacity 8180K, committed 8448K, reserved 1056768K
  class space    used 890K, capacity 944K, committed 1024K, reserved 1048576K
Event: 1.153 GC heap after
Heap after GC invocations=6 (full 0):
 PSYoungGen      total 6656K, used 992K [0x00000000eb580000, 0x00000000ebe80000, 0x0000000100000000)
  eden space 5632K, 0% used [0x00000000eb580000,0x00000000eb580000,0x00000000ebb00000)
  from space 1024K, 96% used [0x00000000ebc80000,0x00000000ebd78010,0x00000000ebd80000)
  to   space 1536K, 0% used [0x00000000ebb00000,0x00000000ebb00000,0x00000000ebc80000)
 ParOldGen       total 5632K, used 936K [0x00000000c2000000, 0x00000000c2580000, 0x00000000eb580000)
  object space 5632K, 16% used [0x00000000c2000000,0x00000000c20ea348,0x00000000c2580000)
 Metaspace       used 7296K, capacity 8180K, committed 8448K, reserved 1056768K
  class space    used 890K, capacity 944K, committed 1024K, reserved 1048576K
}
Event: 3.978 GC heap before
{Heap before GC invocations=7 (full 0):
 PSYoungGen      total 6656K, used 6624K [0x00000000eb580000, 0x00000000ebe80000, 0x0000000100000000)
  eden space 5632K, 100% used [0x00000000eb580000,0x00000000ebb00000,0x00000000ebb00000)
  from space 1024K, 96% used [0x00000000ebc80000,0x00000000ebd78010,0x00000000ebd80000)
  to   space 1536K, 0% used [0x00000000ebb00000,0x00000000ebb00000,0x00000000ebc80000)
 ParOldGen       total 5632K, used 936K [0x00000000c2000000, 0x00000000c2580000, 0x00000000eb580000)
  object space 5632K, 16% used [0x00000000c2000000,0x00000000c20ea348,0x00000000c2580000)
 Metaspace       used 7440K, capacity 8244K, committed 8448K, reserved 1056768K
  class space    used 899K, capacity 944K, committed 1024K, reserved 1048576K
Event: 3.989 GC heap after
Heap after GC invocations=7 (full 0):
 PSYoungGen      total 7168K, used 1515K [0x00000000eb580000, 0x00000000ec680000, 0x0000000100000000)
  eden space 5632K, 0% used [0x00000000eb580000,0x00000000eb580000,0x00000000ebb00000)
  from space 1536K, 98% used [0x00000000ebb00000,0x00000000ebc7ac60,0x00000000ebc80000)
  to   space 3072K, 0% used [0x00000000ec380000,0x00000000ec380000,0x00000000ec680000)
 ParOldGen       total 5632K, used 3894K [0x00000000c2000000, 0x00000000c2580000, 0x00000000eb580000)
  object space 5632K, 69% used [0x00000000c2000000,0x00000000c23cd8a0,0x00000000c2580000)
 Metaspace       used 7440K, capacity 8244K, committed 8448K, reserved 1056768K
  class space    used 899K, capacity 944K, committed 1024K, reserved 1048576K
}
Event: 3.989 GC heap before
{Heap before GC invocations=8 (full 1):
 PSYoungGen      total 7168K, used 1515K [0x00000000eb580000, 0x00000000ec680000, 0x0000000100000000)
  eden space 5632K, 0% used [0x00000000eb580000,0x00000000eb580000,0x00000000ebb00000)
  from space 1536K, 98% used [0x00000000ebb00000,0x00000000ebc7ac60,0x00000000ebc80000)
  to   space 3072K, 0% used [0x00000000ec380000,0x00000000ec380000,0x00000000ec680000)
 ParOldGen       total 5632K, used 3894K [0x00000000c2000000, 0x00000000c2580000, 0x00000000eb580000)
  object space 5632K, 69% used [0x00000000c2000000,0x00000000c23cd8a0,0x00000000c2580000)
 Metaspace       used 7440K, capacity 8244K, committed 8448K, reserved 1056768K
  class space    used 899K, capacity 944K, committed 1024K, reserved 1048576K
Event: 4.034 GC heap after
Heap after GC invocations=8 (full 1):
 PSYoungGen      total 7168K, used 0K [0x00000000eb580000, 0x00000000ec680000, 0x0000000100000000)
  eden space 5632K, 0% used [0x00000000eb580000,0x00000000eb580000,0x00000000ebb00000)
  from space 1536K, 0% used [0x00000000ebb00000,0x00000000ebb00000,0x00000000ebc80000)
  to   space 3072K, 0% used [0x00000000ec380000,0x00000000ec380000,0x00000000ec680000)
 ParOldGen       total 9728K, used 5227K [0x00000000c2000000, 0x00000000c2980000, 0x00000000eb580000)
  object space 9728K, 53% used [0x00000000c2000000,0x00000000c251af40,0x00000000c2980000)
 Metaspace       used 7440K, capacity 8244K, committed 8448K, reserved 1056768K
  class space    used 899K, capacity 944K, committed 1024K, reserved 1048576K
}
Event: 4.148 GC heap before
{Heap before GC invocations=9 (full 1):
 PSYoungGen      total 7168K, used 5632K [0x00000000eb580000, 0x00000000ec680000, 0x0000000100000000)
  eden space 5632K, 100% used [0x00000000eb580000,0x00000000ebb00000,0x00000000ebb00000)
  from space 1536K, 0% used [0x00000000ebb00000,0x00000000ebb00000,0x00000000ebc80000)
  to   space 3072K, 0% used [0x00000000ec380000,0x00000000ec380000,0x00000000ec680000)
 ParOldGen       total 9728K, used 5227K [0x00000000c2000000, 0x00000000c2980000, 0x00000000eb580000)
  object space 9728K, 53% used [0x00000000c2000000,0x00000000c251af40,0x00000000c2980000)
 Metaspace       used 7658K, capacity 8436K, committed 8704K, reserved 1056768K
  class space    used 914K, capacity 944K, committed 1024K, reserved 1048576K
Event: 4.154 GC heap after
Heap after GC invocations=9 (full 1):
 PSYoungGen      total 11776K, used 2115K [0x00000000eb580000, 0x00000000ec600000, 0x0000000100000000)
  eden space 9216K, 0% used [0x00000000eb580000,0x00000000eb580000,0x00000000ebe80000)
  from space 2560K, 82% used [0x00000000ec380000,0x00000000ec590d08,0x00000000ec600000)
  to   space 3584K, 0% used [0x00000000ebf00000,0x00000000ebf00000,0x00000000ec280000)
 ParOldGen       total 9728K, used 5235K [0x00000000c2000000, 0x00000000c2980000, 0x00000000eb580000)
  object space 9728K, 53% used [0x00000000c2000000,0x00000000c251cf40,0x00000000c2980000)
 Metaspace       used 7658K, capacity 8436K, committed 8704K, reserved 1056768K
  class space    used 914K, capacity 944K, committed 1024K, reserved 1048576K
}
Event: 4.818 GC heap before
{Heap before GC invocations=10 (full 1):
 PSYoungGen      total 11776K, used 11331K [0x00000000eb580000, 0x00000000ec600000, 0x0000000100000000)
  eden space 9216K, 100% used [0x00000000eb580000,0x00000000ebe80000,0x00000000ebe80000)
  from space 2560K, 82% used [0x00000000ec380000,0x00000000ec590d08,0x00000000ec600000)
  to   space 3584K, 0% used [0x00000000ebf00000,0x00000000ebf00000,0x00000000ec280000)
 ParOldGen       total 9728K, used 5235K [0x00000000c2000000, 0x00000000c2980000, 0x00000000eb580000)
  object space 9728K, 53% used [0x00000000c2000000,0x00000000c251cf40,0x00000000c2980000)
 Metaspace       used 8993K, capacity 9470K, committed 9600K, reserved 1058816K
  class space    used 1039K, capacity 1074K, committed 1152K, reserved 1048576K
Event: 4.823 GC heap after
Heap after GC invocations=10 (full 1):
 PSYoungGen      total 13312K, used 3582K [0x00000000eb580000, 0x00000000eca00000, 0x0000000100000000)
  eden space 9728K, 0% used [0x00000000eb580000,0x00000000eb580000,0x00000000ebf00000)
  from space 3584K, 99% used [0x00000000ebf00000,0x00000000ec27f838,0x00000000ec280000)
  to   space 4096K, 0% used [0x00000000ec600000,0x00000000ec600000,0x00000000eca00000)
 ParOldGen       total 9728K, used 5771K [0x00000000c2000000, 0x00000000c2980000, 0x00000000eb580000)
  object space 9728K, 59% used [0x00000000c2000000,0x00000000c25a2f50,0x00000000c2980000)
 Metaspace       used 8993K, capacity 9470K, committed 9600K, reserved 1058816K
  class space    used 1039K, capacity 1074K, committed 1152K, reserved 1048576K
}

